2025-06-30 11:49:50,899 - INFO - Run 1 - Loading task file ../data/training/1f642eb9.json
2025-06-30 11:49:51,682 - INFO - Training on train example 0
2025-06-30 12:08:25,743 - INFO - trying best Individual
2025-06-30 12:08:33,600 - INFO - comparaison [[0. 0. 0. 7. 7. 0. 0. 0. 0. 0.]
 [0. 6. 8. 8. 8. 0. 0. 0. 0. 0.]
 [0. 0. 8. 8. 8. 0. 0. 0. 0. 0.]
 [6. 0. 8. 8. 8. 2. 0. 0. 0. 0.]
 [0. 0. 8. 8. 8. 8. 0. 0. 0. 0.]
 [0. 3. 8. 8. 8. 8. 0. 0. 0. 2.]
 [0. 0. 0. 8. 1. 8. 0. 0. 0. 0.]
 [3. 0. 0. 8. 8. 8. 0. 0. 0. 0.]
 [0. 0. 0. 0. 0. 0. 0. 0. 0. 0.]
 [0. 0. 0. 0. 0. 1. 0. 0. 0. 0.]] with [[0 0 0 0 7 0 0 0 0 0]
 [0 0 0 0 0 0 0 0 0 0]
 [0 0 0 0 0 0 0 0 0 0]
 [6 0 0 6 7 8 0 0 0 0]
 [0 0 0 8 8 8 0 0 0 0]
 [0 0 0 8 8 2 0 0 0 2]
 [0 0 0 8 8 8 0 0 0 0]
 [3 0 0 3 8 1 0 0 0 0]
 [0 0 0 0 0 0 0 0 0 0]
 [0 0 0 0 0 1 0 0 0 0]]
2025-06-30 12:08:33,600 - INFO - Object at (0, 0) with color 0 and shape matrix:
[[0. 0. 0. 0. 0. 0. 0. 0. 0. 0.]
 [0. 0. 0. 0. 0. 0. 0. 0. 0. 0.]
 [0. 0. 0. 0. 0. 0. 0. 0. 0. 0.]
 [0. 0. 0. 0. 0. 0. 0. 0. 0. 0.]
 [0. 0. 0. 0. 0. 0. 0. 0. 0. 0.]
 [0. 0. 0. 0. 0. 0. 0. 0. 0. 0.]
 [0. 0. 0. 0. 0. 0. 0. 0. 0. 0.]
 [0. 0. 0. 0. 0. 0. 0. 0. 0. 0.]
 [0. 0. 0. 0. 0. 0. 0. 0. 0. 0.]
 [0. 0. 0. 0. 0. 0. 0. 0. 0. 0.]]
2025-06-30 12:08:33,601 - INFO - Object at (3, 0) with color 6 and shape matrix:
[[6.]]
2025-06-30 12:08:33,601 - INFO - Object at (7, 0) with color 3 and shape matrix:
[[3.]]
2025-06-30 12:08:33,601 - INFO - Object at (3, 3) with color 8 and shape matrix:
[[8. 8. 8.]
 [8. 8. 8.]
 [8. 8. 8.]
 [8. 8. 8.]
 [8. 8. 8.]]
2025-06-30 12:08:33,601 - INFO - Object at (0, 4) with color 7 and shape matrix:
[[7.]]
2025-06-30 12:08:33,601 - INFO - Object at (9, 5) with color 1 and shape matrix:
[[1.]]
2025-06-30 12:08:33,601 - INFO - Object at (5, 9) with color 2 and shape matrix:
[[2.]]
2025-06-30 12:08:33,601 - INFO - Object at (0, 1) with color -1 and shape matrix:
[[0. 0. 7. 0. 0.]
 [6. 8. 8. 8. 0.]
 [0. 8. 8. 8. 0.]
 [0. 8. 8. 8. 2.]
 [0. 8. 8. 8. 0.]
 [3. 8. 8. 8. 0.]
 [0. 0. 0. 1. 0.]]
2025-06-30 12:08:33,601 - INFO - Training on train example 1
2025-06-30 13:14:22,652 - INFO - trying best Individual
2025-06-30 13:14:32,958 - INFO - comparaison [[0. 0. 0. 0. 9. 0. 0. 0. 0. 0.]
 [0. 0. 0. 0. 0. 0. 0. 0. 0. 0.]
 [0. 0. 0. 0. 0. 0. 0. 0. 0. 0.]
 [0. 0. 0. 0. 8. 8. 0. 0. 0. 0.]
 [0. 0. 0. 0. 8. 8. 0. 0. 0. 0.]
 [0. 0. 0. 0. 8. 8. 0. 0. 0. 0.]
 [6. 0. 0. 0. 8. 8. 0. 0. 0. 0.]
 [0. 0. 0. 0. 0. 0. 0. 0. 0. 0.]
 [0. 0. 0. 0. 0. 0. 0. 0. 0. 0.]
 [0. 0. 0. 0. 0. 4. 0. 0. 0. 0.]] with [[0 0 0 0 9 0 0 0 0 0]
 [0 0 0 0 0 0 0 0 0 0]
 [0 0 0 0 0 0 0 0 0 0]
 [0 0 0 0 9 8 0 0 0 0]
 [0 0 0 0 8 8 0 0 0 0]
 [0 0 0 0 8 8 0 0 0 0]
 [6 0 0 0 6 4 0 0 0 0]
 [0 0 0 0 0 0 0 0 0 0]
 [0 0 0 0 0 0 0 0 0 0]
 [0 0 0 0 0 4 0 0 0 0]]
2025-06-30 13:14:32,958 - INFO - Object at (9, 5) with color 4 and shape matrix:
[[4.]]
2025-06-30 13:14:32,959 - INFO - Object at (3, 4) with color 8 and shape matrix:
[[8. 8.]
 [8. 8.]
 [8. 8.]
 [8. 8.]]
2025-06-30 13:14:32,959 - INFO - Object at (0, 4) with color 9 and shape matrix:
[[9.]]
2025-06-30 13:14:32,959 - INFO - Object at (6, 0) with color 6 and shape matrix:
[[6.]]
2025-06-30 13:14:32,959 - INFO - Object at (0, 0) with color 0 and shape matrix:
[[0. 0. 0. 0. 0. 0. 0. 0. 0. 0.]
 [0. 0. 0. 0. 0. 0. 0. 0. 0. 0.]
 [0. 0. 0. 0. 0. 0. 0. 0. 0. 0.]
 [0. 0. 0. 0. 0. 0. 0. 0. 0. 0.]
 [0. 0. 0. 0. 0. 0. 0. 0. 0. 0.]
 [0. 0. 0. 0. 0. 0. 0. 0. 0. 0.]
 [0. 0. 0. 0. 0. 0. 0. 0. 0. 0.]
 [0. 0. 0. 0. 0. 0. 0. 0. 0. 0.]
 [0. 0. 0. 0. 0. 0. 0. 0. 0. 0.]
 [0. 0. 0. 0. 0. 0. 0. 0. 0. 0.]]
2025-06-30 13:14:32,960 - INFO - Object at (0, 4) with color 9 and shape matrix:
[[9.]]
2025-06-30 13:14:32,960 - INFO - Object at (3, 4) with color 8 and shape matrix:
[[8. 8.]
 [8. 8.]
 [8. 8.]
 [8. 8.]]
2025-06-30 13:14:32,960 - INFO - Object at (6, 0) with color 6 and shape matrix:
[[6.]]
2025-06-30 13:14:32,961 - INFO - Object at (0, 0) with color 0 and shape matrix:
[[0. 0. 0. 0. 0. 0. 0. 0. 0. 0.]
 [0. 0. 0. 0. 0. 0. 0. 0. 0. 0.]
 [0. 0. 0. 0. 0. 0. 0. 0. 0. 0.]
 [0. 0. 0. 0. 0. 0. 0. 0. 0. 0.]
 [0. 0. 0. 0. 0. 0. 0. 0. 0. 0.]
 [0. 0. 0. 0. 0. 0. 0. 0. 0. 0.]
 [0. 0. 0. 0. 0. 0. 0. 0. 0. 0.]
 [0. 0. 0. 0. 0. 0. 0. 0. 0. 0.]
 [0. 0. 0. 0. 0. 0. 0. 0. 0. 0.]
 [0. 0. 0. 0. 0. 0. 0. 0. 0. 0.]]
2025-06-30 13:14:32,961 - INFO - Object at (9, 5) with color 4 and shape matrix:
[[4.]]
2025-06-30 13:14:32,961 - INFO - Training on train example 2
2025-06-30 14:10:17,381 - INFO - trying best Individual
2025-06-30 14:10:29,593 - INFO - comparaison [[0. 0. 0. 4. 0. 0. 0. 0. 0. 0.]
 [0. 0. 0. 0. 0. 0. 0. 0. 0. 0.]
 [0. 0. 0. 0. 0. 0. 0. 0. 0. 0.]
 [0. 0. 0. 8. 8. 8. 0. 0. 0. 6.]
 [3. 0. 0. 8. 8. 8. 0. 0. 0. 0.]
 [0. 0. 0. 8. 8. 8. 0. 0. 0. 0.]
 [2. 0. 0. 8. 8. 8. 0. 0. 0. 0.]
 [0. 0. 0. 8. 8. 8. 0. 0. 0. 2.]
 [0. 0. 0. 0. 0. 0. 0. 0. 0. 0.]
 [0. 0. 0. 7. 0. 0. 0. 0. 0. 0.]] with [[0 0 0 4 0 0 0 0 0 0]
 [0 0 0 0 0 0 0 0 0 0]
 [0 0 0 0 0 0 0 0 0 0]
 [0 0 0 4 8 6 0 0 0 6]
 [3 0 0 3 8 8 0 0 0 0]
 [0 0 0 8 8 8 0 0 0 0]
 [2 0 0 2 8 8 0 0 0 0]
 [0 0 0 7 8 2 0 0 0 2]
 [0 0 0 0 0 0 0 0 0 0]
 [0 0 0 7 0 0 0 0 0 0]]
2025-06-30 14:10:29,594 - INFO - Object at (7, 9) with color 2 and shape matrix:
[[2.]]
2025-06-30 14:10:29,594 - INFO - Object at (3, 9) with color 6 and shape matrix:
[[6.]]
2025-06-30 14:10:29,594 - INFO - Object at (9, 3) with color 7 and shape matrix:
[[7.]]
2025-06-30 14:10:29,594 - INFO - Object at (3, 3) with color 8 and shape matrix:
[[8. 8. 8.]
 [8. 8. 8.]
 [8. 8. 8.]
 [8. 8. 8.]
 [8. 8. 8.]]
2025-06-30 14:10:29,595 - INFO - Object at (0, 3) with color 4 and shape matrix:
[[4.]]
2025-06-30 14:10:29,595 - INFO - Object at (6, 0) with color 2 and shape matrix:
[[2.]]
2025-06-30 14:10:29,595 - INFO - Object at (4, 0) with color 3 and shape matrix:
[[3.]]
2025-06-30 14:10:29,595 - INFO - Object at (0, 0) with color 0 and shape matrix:
[[0. 0. 0. 0. 0. 0. 0. 0. 0. 0.]
 [0. 0. 0. 0. 0. 0. 0. 0. 0. 0.]
 [0. 0. 0. 0. 0. 0. 0. 0. 0. 0.]
 [0. 0. 0. 0. 0. 0. 0. 0. 0. 0.]
 [0. 0. 0. 0. 0. 0. 0. 0. 0. 0.]
 [0. 0. 0. 0. 0. 0. 0. 0. 0. 0.]
 [0. 0. 0. 0. 0. 0. 0. 0. 0. 0.]
 [0. 0. 0. 0. 0. 0. 0. 0. 0. 0.]
 [0. 0. 0. 0. 0. 0. 0. 0. 0. 0.]
 [0. 0. 0. 0. 0. 0. 0. 0. 0. 0.]]
2025-06-30 14:10:29,595 - INFO - Object at (0, 3) with color 4 and shape matrix:
[[4.]]
2025-06-30 14:10:29,596 - INFO - Object at (3, 9) with color 6 and shape matrix:
[[6.]]
2025-06-30 14:10:29,596 - INFO - Object at (4, 0) with color 3 and shape matrix:
[[3.]]
2025-06-30 14:10:29,596 - INFO - Object at (6, 0) with color 2 and shape matrix:
[[2.]]
2025-06-30 14:10:29,596 - INFO - Object at (3, 3) with color 8 and shape matrix:
[[8. 8. 8.]
 [8. 8. 8.]
 [8. 8. 8.]
 [8. 8. 8.]
 [8. 8. 8.]]
2025-06-30 14:10:29,596 - INFO - Object at (7, 9) with color 2 and shape matrix:
[[2.]]
2025-06-30 14:10:29,597 - INFO - Object at (0, 0) with color 0 and shape matrix:
[[0. 0. 0. 0. 0. 0. 0. 0. 0. 0.]
 [0. 0. 0. 0. 0. 0. 0. 0. 0. 0.]
 [0. 0. 0. 0. 0. 0. 0. 0. 0. 0.]
 [0. 0. 0. 0. 0. 0. 0. 0. 0. 0.]
 [0. 0. 0. 0. 0. 0. 0. 0. 0. 0.]
 [0. 0. 0. 0. 0. 0. 0. 0. 0. 0.]
 [0. 0. 0. 0. 0. 0. 0. 0. 0. 0.]
 [0. 0. 0. 0. 0. 0. 0. 0. 0. 0.]
 [0. 0. 0. 0. 0. 0. 0. 0. 0. 0.]
 [0. 0. 0. 0. 0. 0. 0. 0. 0. 0.]]
2025-06-30 14:10:29,597 - INFO - Object at (9, 3) with color 7 and shape matrix:
[[7.]]
2025-06-30 14:10:30,546 - INFO - Plot saved.
